[13-Jan-2022 17:23:47 Europe/Berlin] PHP Warning:  require(views/main/index.php): Failed to open stream: No such file or directory in C:\xampp\htdocs\Recuerdos\libs\view.php on line 11
[13-Jan-2022 17:23:48 Europe/Berlin] PHP Warning:  require(views/main/index.php): Failed to open stream: No such file or directory in C:\xampp\htdocs\Recuerdos\libs\view.php on line 11
[13-Jan-2022 17:23:51 Europe/Berlin] PHP Warning:  require(views/main/index.php): Failed to open stream: No such file or directory in C:\xampp\htdocs\Recuerdos\libs\view.php on line 11
[13-Jan-2022 17:23:56 Europe/Berlin] PHP Warning:  require(views/main/index.php): Failed to open stream: No such file or directory in C:\xampp\htdocs\Recuerdos\libs\view.php on line 11
[13-Jan-2022 17:24:34 Europe/Berlin] PHP Warning:  require(views/main/index.php): Failed to open stream: No such file or directory in C:\xampp\htdocs\Recuerdos\libs\view.php on line 11
[13-Jan-2022 17:24:35 Europe/Berlin] PHP Warning:  require(views/main/index.php): Failed to open stream: No such file or directory in C:\xampp\htdocs\Recuerdos\libs\view.php on line 11
[13-Jan-2022 17:24:35 Europe/Berlin] PHP Warning:  require(views/main/index.php): Failed to open stream: No such file or directory in C:\xampp\htdocs\Recuerdos\libs\view.php on line 11
[13-Jan-2022 17:24:35 Europe/Berlin] PHP Warning:  require(views/main/index.php): Failed to open stream: No such file or directory in C:\xampp\htdocs\Recuerdos\libs\view.php on line 11
[13-Jan-2022 17:24:48 Europe/Berlin] PHP Warning:  require(views/main/index.php): Failed to open stream: No such file or directory in C:\xampp\htdocs\Recuerdos\libs\view.php on line 11
[13-Jan-2022 17:25:23 Europe/Berlin] PHP Warning:  require(views/main/index.php): Failed to open stream: No such file or directory in C:\xampp\htdocs\Recuerdos\libs\view.php on line 11
[13-Jan-2022 17:27:49 Europe/Berlin] PHP Fatal error:  Uncaught Error: Undefined constant "DASH" in C:\xampp\htdocs\Recuerdos\views\header.php:24
Stack trace:
#0 C:\xampp\htdocs\Recuerdos\views\header.php(24): constant('DASH')
#1 C:\xampp\htdocs\Recuerdos\views\main\index.php(31): include('C:\\xampp\\htdocs...')
#2 C:\xampp\htdocs\Recuerdos\libs\view.php(11): require('C:\\xampp\\htdocs...')
#3 C:\xampp\htdocs\Recuerdos\controllers\main.php(12): View->render('main/index')
#4 C:\xampp\htdocs\Recuerdos\libs\app.php(17): Main->render()
#5 C:\xampp\htdocs\Recuerdos\index.php(20): App->__construct()
#6 {main}
  thrown in C:\xampp\htdocs\Recuerdos\views\header.php on line 24
[13-Jan-2022 17:27:50 Europe/Berlin] PHP Fatal error:  Uncaught Error: Undefined constant "DASH" in C:\xampp\htdocs\Recuerdos\views\header.php:24
Stack trace:
#0 C:\xampp\htdocs\Recuerdos\views\header.php(24): constant('DASH')
#1 C:\xampp\htdocs\Recuerdos\views\main\index.php(31): include('C:\\xampp\\htdocs...')
#2 C:\xampp\htdocs\Recuerdos\libs\view.php(11): require('C:\\xampp\\htdocs...')
#3 C:\xampp\htdocs\Recuerdos\controllers\main.php(12): View->render('main/index')
#4 C:\xampp\htdocs\Recuerdos\libs\app.php(17): Main->render()
#5 C:\xampp\htdocs\Recuerdos\index.php(20): App->__construct()
#6 {main}
  thrown in C:\xampp\htdocs\Recuerdos\views\header.php on line 24
[13-Jan-2022 17:27:50 Europe/Berlin] PHP Fatal error:  Uncaught Error: Undefined constant "DASH" in C:\xampp\htdocs\Recuerdos\views\header.php:24
Stack trace:
#0 C:\xampp\htdocs\Recuerdos\views\header.php(24): constant('DASH')
#1 C:\xampp\htdocs\Recuerdos\views\main\index.php(31): include('C:\\xampp\\htdocs...')
#2 C:\xampp\htdocs\Recuerdos\libs\view.php(11): require('C:\\xampp\\htdocs...')
#3 C:\xampp\htdocs\Recuerdos\controllers\main.php(12): View->render('main/index')
#4 C:\xampp\htdocs\Recuerdos\libs\app.php(17): Main->render()
#5 C:\xampp\htdocs\Recuerdos\index.php(20): App->__construct()
#6 {main}
  thrown in C:\xampp\htdocs\Recuerdos\views\header.php on line 24
[13-Jan-2022 17:27:51 Europe/Berlin] PHP Fatal error:  Uncaught Error: Undefined constant "DASH" in C:\xampp\htdocs\Recuerdos\views\header.php:24
Stack trace:
#0 C:\xampp\htdocs\Recuerdos\views\header.php(24): constant('DASH')
#1 C:\xampp\htdocs\Recuerdos\views\main\index.php(31): include('C:\\xampp\\htdocs...')
#2 C:\xampp\htdocs\Recuerdos\libs\view.php(11): require('C:\\xampp\\htdocs...')
#3 C:\xampp\htdocs\Recuerdos\controllers\main.php(12): View->render('main/index')
#4 C:\xampp\htdocs\Recuerdos\libs\app.php(17): Main->render()
#5 C:\xampp\htdocs\Recuerdos\index.php(20): App->__construct()
#6 {main}
  thrown in C:\xampp\htdocs\Recuerdos\views\header.php on line 24
[13-Jan-2022 17:27:53 Europe/Berlin] PHP Fatal error:  Uncaught Error: Undefined constant "DASH" in C:\xampp\htdocs\Recuerdos\views\header.php:24
Stack trace:
#0 C:\xampp\htdocs\Recuerdos\views\header.php(24): constant('DASH')
#1 C:\xampp\htdocs\Recuerdos\views\main\index.php(31): include('C:\\xampp\\htdocs...')
#2 C:\xampp\htdocs\Recuerdos\libs\view.php(11): require('C:\\xampp\\htdocs...')
#3 C:\xampp\htdocs\Recuerdos\controllers\main.php(12): View->render('main/index')
#4 C:\xampp\htdocs\Recuerdos\libs\app.php(17): Main->render()
#5 C:\xampp\htdocs\Recuerdos\index.php(20): App->__construct()
#6 {main}
  thrown in C:\xampp\htdocs\Recuerdos\views\header.php on line 24
[13-Jan-2022 17:28:45 Europe/Berlin] PHP Fatal error:  Uncaught Error: Undefined constant "DASH" in C:\xampp\htdocs\Recuerdos\views\header.php:24
Stack trace:
#0 C:\xampp\htdocs\Recuerdos\views\header.php(24): constant('DASH')
#1 C:\xampp\htdocs\Recuerdos\views\main\index.php(31): require('C:\\xampp\\htdocs...')
#2 C:\xampp\htdocs\Recuerdos\libs\view.php(11): require('C:\\xampp\\htdocs...')
#3 C:\xampp\htdocs\Recuerdos\controllers\main.php(12): View->render('main/index')
#4 C:\xampp\htdocs\Recuerdos\libs\app.php(17): Main->render()
#5 C:\xampp\htdocs\Recuerdos\index.php(20): App->__construct()
#6 {main}
  thrown in C:\xampp\htdocs\Recuerdos\views\header.php on line 24
[13-Jan-2022 17:28:46 Europe/Berlin] PHP Fatal error:  Uncaught Error: Undefined constant "DASH" in C:\xampp\htdocs\Recuerdos\views\header.php:24
Stack trace:
#0 C:\xampp\htdocs\Recuerdos\views\header.php(24): constant('DASH')
#1 C:\xampp\htdocs\Recuerdos\views\main\index.php(31): require('C:\\xampp\\htdocs...')
#2 C:\xampp\htdocs\Recuerdos\libs\view.php(11): require('C:\\xampp\\htdocs...')
#3 C:\xampp\htdocs\Recuerdos\controllers\main.php(12): View->render('main/index')
#4 C:\xampp\htdocs\Recuerdos\libs\app.php(17): Main->render()
#5 C:\xampp\htdocs\Recuerdos\index.php(20): App->__construct()
#6 {main}
  thrown in C:\xampp\htdocs\Recuerdos\views\header.php on line 24
[13-Jan-2022 17:28:46 Europe/Berlin] PHP Fatal error:  Uncaught Error: Undefined constant "DASH" in C:\xampp\htdocs\Recuerdos\views\header.php:24
Stack trace:
#0 C:\xampp\htdocs\Recuerdos\views\header.php(24): constant('DASH')
#1 C:\xampp\htdocs\Recuerdos\views\main\index.php(31): require('C:\\xampp\\htdocs...')
#2 C:\xampp\htdocs\Recuerdos\libs\view.php(11): require('C:\\xampp\\htdocs...')
#3 C:\xampp\htdocs\Recuerdos\controllers\main.php(12): View->render('main/index')
#4 C:\xampp\htdocs\Recuerdos\libs\app.php(17): Main->render()
#5 C:\xampp\htdocs\Recuerdos\index.php(20): App->__construct()
#6 {main}
  thrown in C:\xampp\htdocs\Recuerdos\views\header.php on line 24
[13-Jan-2022 17:28:47 Europe/Berlin] PHP Fatal error:  Uncaught Error: Undefined constant "DASH" in C:\xampp\htdocs\Recuerdos\views\header.php:24
Stack trace:
#0 C:\xampp\htdocs\Recuerdos\views\header.php(24): constant('DASH')
#1 C:\xampp\htdocs\Recuerdos\views\main\index.php(31): require('C:\\xampp\\htdocs...')
#2 C:\xampp\htdocs\Recuerdos\libs\view.php(11): require('C:\\xampp\\htdocs...')
#3 C:\xampp\htdocs\Recuerdos\controllers\main.php(12): View->render('main/index')
#4 C:\xampp\htdocs\Recuerdos\libs\app.php(17): Main->render()
#5 C:\xampp\htdocs\Recuerdos\index.php(20): App->__construct()
#6 {main}
  thrown in C:\xampp\htdocs\Recuerdos\views\header.php on line 24
[13-Jan-2022 17:28:49 Europe/Berlin] PHP Fatal error:  Uncaught Error: Undefined constant "DASH" in C:\xampp\htdocs\Recuerdos\views\header.php:24
Stack trace:
#0 C:\xampp\htdocs\Recuerdos\views\header.php(24): constant('DASH')
#1 C:\xampp\htdocs\Recuerdos\views\main\index.php(31): require('C:\\xampp\\htdocs...')
#2 C:\xampp\htdocs\Recuerdos\libs\view.php(11): require('C:\\xampp\\htdocs...')
#3 C:\xampp\htdocs\Recuerdos\controllers\main.php(12): View->render('main/index')
#4 C:\xampp\htdocs\Recuerdos\libs\app.php(17): Main->render()
#5 C:\xampp\htdocs\Recuerdos\index.php(20): App->__construct()
#6 {main}
  thrown in C:\xampp\htdocs\Recuerdos\views\header.php on line 24
[13-Jan-2022 17:29:14 Europe/Berlin] PHP Fatal error:  Uncaught Error: Undefined constant "DASH" in C:\xampp\htdocs\Recuerdos\views\header.php:24
Stack trace:
#0 C:\xampp\htdocs\Recuerdos\views\header.php(24): constant('DASH')
#1 C:\xampp\htdocs\Recuerdos\views\main\index.php(31): require('C:\\xampp\\htdocs...')
#2 C:\xampp\htdocs\Recuerdos\libs\view.php(11): require('C:\\xampp\\htdocs...')
#3 C:\xampp\htdocs\Recuerdos\controllers\main.php(12): View->render('main/index')
#4 C:\xampp\htdocs\Recuerdos\libs\app.php(17): Main->render()
#5 C:\xampp\htdocs\Recuerdos\index.php(20): App->__construct()
#6 {main}
  thrown in C:\xampp\htdocs\Recuerdos\views\header.php on line 24
[13-Jan-2022 17:29:14 Europe/Berlin] PHP Fatal error:  Uncaught Error: Undefined constant "DASH" in C:\xampp\htdocs\Recuerdos\views\header.php:24
Stack trace:
#0 C:\xampp\htdocs\Recuerdos\views\header.php(24): constant('DASH')
#1 C:\xampp\htdocs\Recuerdos\views\main\index.php(31): require('C:\\xampp\\htdocs...')
#2 C:\xampp\htdocs\Recuerdos\libs\view.php(11): require('C:\\xampp\\htdocs...')
#3 C:\xampp\htdocs\Recuerdos\controllers\main.php(12): View->render('main/index')
#4 C:\xampp\htdocs\Recuerdos\libs\app.php(17): Main->render()
#5 C:\xampp\htdocs\Recuerdos\index.php(20): App->__construct()
#6 {main}
  thrown in C:\xampp\htdocs\Recuerdos\views\header.php on line 24
[13-Jan-2022 17:29:14 Europe/Berlin] PHP Fatal error:  Uncaught Error: Undefined constant "DASH" in C:\xampp\htdocs\Recuerdos\views\header.php:24
Stack trace:
#0 C:\xampp\htdocs\Recuerdos\views\header.php(24): constant('DASH')
#1 C:\xampp\htdocs\Recuerdos\views\main\index.php(31): require('C:\\xampp\\htdocs...')
#2 C:\xampp\htdocs\Recuerdos\libs\view.php(11): require('C:\\xampp\\htdocs...')
#3 C:\xampp\htdocs\Recuerdos\controllers\main.php(12): View->render('main/index')
#4 C:\xampp\htdocs\Recuerdos\libs\app.php(17): Main->render()
#5 C:\xampp\htdocs\Recuerdos\index.php(20): App->__construct()
#6 {main}
  thrown in C:\xampp\htdocs\Recuerdos\views\header.php on line 24
[13-Jan-2022 17:29:15 Europe/Berlin] PHP Fatal error:  Uncaught Error: Undefined constant "DASH" in C:\xampp\htdocs\Recuerdos\views\header.php:24
Stack trace:
#0 C:\xampp\htdocs\Recuerdos\views\header.php(24): constant('DASH')
#1 C:\xampp\htdocs\Recuerdos\views\main\index.php(31): require('C:\\xampp\\htdocs...')
#2 C:\xampp\htdocs\Recuerdos\libs\view.php(11): require('C:\\xampp\\htdocs...')
#3 C:\xampp\htdocs\Recuerdos\controllers\main.php(12): View->render('main/index')
#4 C:\xampp\htdocs\Recuerdos\libs\app.php(17): Main->render()
#5 C:\xampp\htdocs\Recuerdos\index.php(20): App->__construct()
#6 {main}
  thrown in C:\xampp\htdocs\Recuerdos\views\header.php on line 24
[13-Jan-2022 17:30:01 Europe/Berlin] PHP Fatal error:  Uncaught Error: Undefined constant "DASH" in C:\xampp\htdocs\Recuerdos\views\header.php:24
Stack trace:
#0 C:\xampp\htdocs\Recuerdos\views\header.php(24): constant('DASH')
#1 C:\xampp\htdocs\Recuerdos\views\main\index.php(31): require('C:\\xampp\\htdocs...')
#2 C:\xampp\htdocs\Recuerdos\libs\view.php(11): require('C:\\xampp\\htdocs...')
#3 C:\xampp\htdocs\Recuerdos\controllers\main.php(12): View->render('main/index')
#4 C:\xampp\htdocs\Recuerdos\libs\app.php(17): Main->render()
#5 C:\xampp\htdocs\Recuerdos\index.php(20): App->__construct()
#6 {main}
  thrown in C:\xampp\htdocs\Recuerdos\views\header.php on line 24
[13-Jan-2022 17:30:02 Europe/Berlin] PHP Fatal error:  Uncaught Error: Undefined constant "DASH" in C:\xampp\htdocs\Recuerdos\views\header.php:24
Stack trace:
#0 C:\xampp\htdocs\Recuerdos\views\header.php(24): constant('DASH')
#1 C:\xampp\htdocs\Recuerdos\views\main\index.php(31): require('C:\\xampp\\htdocs...')
#2 C:\xampp\htdocs\Recuerdos\libs\view.php(11): require('C:\\xampp\\htdocs...')
#3 C:\xampp\htdocs\Recuerdos\controllers\main.php(12): View->render('main/index')
#4 C:\xampp\htdocs\Recuerdos\libs\app.php(17): Main->render()
#5 C:\xampp\htdocs\Recuerdos\index.php(20): App->__construct()
#6 {main}
  thrown in C:\xampp\htdocs\Recuerdos\views\header.php on line 24
[13-Jan-2022 17:30:02 Europe/Berlin] PHP Fatal error:  Uncaught Error: Undefined constant "DASH" in C:\xampp\htdocs\Recuerdos\views\header.php:24
Stack trace:
#0 C:\xampp\htdocs\Recuerdos\views\header.php(24): constant('DASH')
#1 C:\xampp\htdocs\Recuerdos\views\main\index.php(31): require('C:\\xampp\\htdocs...')
#2 C:\xampp\htdocs\Recuerdos\libs\view.php(11): require('C:\\xampp\\htdocs...')
#3 C:\xampp\htdocs\Recuerdos\controllers\main.php(12): View->render('main/index')
#4 C:\xampp\htdocs\Recuerdos\libs\app.php(17): Main->render()
#5 C:\xampp\htdocs\Recuerdos\index.php(20): App->__construct()
#6 {main}
  thrown in C:\xampp\htdocs\Recuerdos\views\header.php on line 24
[13-Jan-2022 17:30:02 Europe/Berlin] PHP Fatal error:  Uncaught Error: Undefined constant "DASH" in C:\xampp\htdocs\Recuerdos\views\header.php:24
Stack trace:
#0 C:\xampp\htdocs\Recuerdos\views\header.php(24): constant('DASH')
#1 C:\xampp\htdocs\Recuerdos\views\main\index.php(31): require('C:\\xampp\\htdocs...')
#2 C:\xampp\htdocs\Recuerdos\libs\view.php(11): require('C:\\xampp\\htdocs...')
#3 C:\xampp\htdocs\Recuerdos\controllers\main.php(12): View->render('main/index')
#4 C:\xampp\htdocs\Recuerdos\libs\app.php(17): Main->render()
#5 C:\xampp\htdocs\Recuerdos\index.php(20): App->__construct()
#6 {main}
  thrown in C:\xampp\htdocs\Recuerdos\views\header.php on line 24
[13-Jan-2022 17:30:02 Europe/Berlin] PHP Fatal error:  Uncaught Error: Undefined constant "DASH" in C:\xampp\htdocs\Recuerdos\views\header.php:24
Stack trace:
#0 C:\xampp\htdocs\Recuerdos\views\header.php(24): constant('DASH')
#1 C:\xampp\htdocs\Recuerdos\views\main\index.php(31): require('C:\\xampp\\htdocs...')
#2 C:\xampp\htdocs\Recuerdos\libs\view.php(11): require('C:\\xampp\\htdocs...')
#3 C:\xampp\htdocs\Recuerdos\controllers\main.php(12): View->render('main/index')
#4 C:\xampp\htdocs\Recuerdos\libs\app.php(17): Main->render()
#5 C:\xampp\htdocs\Recuerdos\index.php(20): App->__construct()
#6 {main}
  thrown in C:\xampp\htdocs\Recuerdos\views\header.php on line 24
[13-Jan-2022 17:30:16 Europe/Berlin] PHP Fatal error:  Uncaught Error: Undefined constant "DASH" in C:\xampp\htdocs\Recuerdos\views\header.php:24
Stack trace:
#0 C:\xampp\htdocs\Recuerdos\views\header.php(24): constant('DASH')
#1 C:\xampp\htdocs\Recuerdos\views\main\index.php(31): require('C:\\xampp\\htdocs...')
#2 C:\xampp\htdocs\Recuerdos\libs\view.php(11): require('C:\\xampp\\htdocs...')
#3 C:\xampp\htdocs\Recuerdos\controllers\main.php(12): View->render('main/index')
#4 C:\xampp\htdocs\Recuerdos\libs\app.php(17): Main->render()
#5 C:\xampp\htdocs\Recuerdos\index.php(20): App->__construct()
#6 {main}
  thrown in C:\xampp\htdocs\Recuerdos\views\header.php on line 24
[13-Jan-2022 17:30:18 Europe/Berlin] PHP Fatal error:  Uncaught Error: Undefined constant "DASH" in C:\xampp\htdocs\Recuerdos\views\header.php:24
Stack trace:
#0 C:\xampp\htdocs\Recuerdos\views\header.php(24): constant('DASH')
#1 C:\xampp\htdocs\Recuerdos\views\main\index.php(31): require('C:\\xampp\\htdocs...')
#2 C:\xampp\htdocs\Recuerdos\libs\view.php(11): require('C:\\xampp\\htdocs...')
#3 C:\xampp\htdocs\Recuerdos\controllers\main.php(12): View->render('main/index')
#4 C:\xampp\htdocs\Recuerdos\libs\app.php(17): Main->render()
#5 C:\xampp\htdocs\Recuerdos\index.php(20): App->__construct()
#6 {main}
  thrown in C:\xampp\htdocs\Recuerdos\views\header.php on line 24
[13-Jan-2022 17:30:19 Europe/Berlin] PHP Fatal error:  Uncaught Error: Undefined constant "DASH" in C:\xampp\htdocs\Recuerdos\views\header.php:24
Stack trace:
#0 C:\xampp\htdocs\Recuerdos\views\header.php(24): constant('DASH')
#1 C:\xampp\htdocs\Recuerdos\views\main\index.php(31): require('C:\\xampp\\htdocs...')
#2 C:\xampp\htdocs\Recuerdos\libs\view.php(11): require('C:\\xampp\\htdocs...')
#3 C:\xampp\htdocs\Recuerdos\controllers\main.php(12): View->render('main/index')
#4 C:\xampp\htdocs\Recuerdos\libs\app.php(17): Main->render()
#5 C:\xampp\htdocs\Recuerdos\index.php(20): App->__construct()
#6 {main}
  thrown in C:\xampp\htdocs\Recuerdos\views\header.php on line 24
[13-Jan-2022 17:30:22 Europe/Berlin] PHP Fatal error:  Uncaught Error: Undefined constant "DASH" in C:\xampp\htdocs\Recuerdos\views\header.php:24
Stack trace:
#0 C:\xampp\htdocs\Recuerdos\views\header.php(24): constant('DASH')
#1 C:\xampp\htdocs\Recuerdos\views\main\index.php(31): require('C:\\xampp\\htdocs...')
#2 C:\xampp\htdocs\Recuerdos\libs\view.php(11): require('C:\\xampp\\htdocs...')
#3 C:\xampp\htdocs\Recuerdos\controllers\main.php(12): View->render('main/index')
#4 C:\xampp\htdocs\Recuerdos\libs\app.php(17): Main->render()
#5 C:\xampp\htdocs\Recuerdos\index.php(20): App->__construct()
#6 {main}
  thrown in C:\xampp\htdocs\Recuerdos\views\header.php on line 24
[13-Jan-2022 17:30:33 Europe/Berlin] PHP Fatal error:  Uncaught Error: Undefined constant "DASH" in C:\xampp\htdocs\Recuerdos\views\header.php:24
Stack trace:
#0 C:\xampp\htdocs\Recuerdos\views\header.php(24): constant('DASH')
#1 C:\xampp\htdocs\Recuerdos\views\main\index.php(31): require('C:\\xampp\\htdocs...')
#2 C:\xampp\htdocs\Recuerdos\libs\view.php(11): require('C:\\xampp\\htdocs...')
#3 C:\xampp\htdocs\Recuerdos\controllers\main.php(12): View->render('main/index')
#4 C:\xampp\htdocs\Recuerdos\libs\app.php(17): Main->render()
#5 C:\xampp\htdocs\Recuerdos\index.php(20): App->__construct()
#6 {main}
  thrown in C:\xampp\htdocs\Recuerdos\views\header.php on line 24
[13-Jan-2022 17:30:34 Europe/Berlin] PHP Fatal error:  Uncaught Error: Undefined constant "DASH" in C:\xampp\htdocs\Recuerdos\views\header.php:24
Stack trace:
#0 C:\xampp\htdocs\Recuerdos\views\header.php(24): constant('DASH')
#1 C:\xampp\htdocs\Recuerdos\views\main\index.php(31): require('C:\\xampp\\htdocs...')
#2 C:\xampp\htdocs\Recuerdos\libs\view.php(11): require('C:\\xampp\\htdocs...')
#3 C:\xampp\htdocs\Recuerdos\controllers\main.php(12): View->render('main/index')
#4 C:\xampp\htdocs\Recuerdos\libs\app.php(17): Main->render()
#5 C:\xampp\htdocs\Recuerdos\index.php(20): App->__construct()
#6 {main}
  thrown in C:\xampp\htdocs\Recuerdos\views\header.php on line 24
[13-Jan-2022 17:30:34 Europe/Berlin] PHP Fatal error:  Uncaught Error: Undefined constant "DASH" in C:\xampp\htdocs\Recuerdos\views\header.php:24
Stack trace:
#0 C:\xampp\htdocs\Recuerdos\views\header.php(24): constant('DASH')
#1 C:\xampp\htdocs\Recuerdos\views\main\index.php(31): require('C:\\xampp\\htdocs...')
#2 C:\xampp\htdocs\Recuerdos\libs\view.php(11): require('C:\\xampp\\htdocs...')
#3 C:\xampp\htdocs\Recuerdos\controllers\main.php(12): View->render('main/index')
#4 C:\xampp\htdocs\Recuerdos\libs\app.php(17): Main->render()
#5 C:\xampp\htdocs\Recuerdos\index.php(20): App->__construct()
#6 {main}
  thrown in C:\xampp\htdocs\Recuerdos\views\header.php on line 24
[13-Jan-2022 17:30:40 Europe/Berlin] PHP Fatal error:  Uncaught Error: Undefined constant "DASH" in C:\xampp\htdocs\Recuerdos\views\header.php:24
Stack trace:
#0 C:\xampp\htdocs\Recuerdos\views\header.php(24): constant('DASH')
#1 C:\xampp\htdocs\Recuerdos\views\main\index.php(25): require('C:\\xampp\\htdocs...')
#2 C:\xampp\htdocs\Recuerdos\libs\view.php(11): require('C:\\xampp\\htdocs...')
#3 C:\xampp\htdocs\Recuerdos\controllers\main.php(12): View->render('main/index')
#4 C:\xampp\htdocs\Recuerdos\libs\app.php(17): Main->render()
#5 C:\xampp\htdocs\Recuerdos\index.php(20): App->__construct()
#6 {main}
  thrown in C:\xampp\htdocs\Recuerdos\views\header.php on line 24
[13-Jan-2022 17:30:41 Europe/Berlin] PHP Fatal error:  Uncaught Error: Undefined constant "DASH" in C:\xampp\htdocs\Recuerdos\views\header.php:24
Stack trace:
#0 C:\xampp\htdocs\Recuerdos\views\header.php(24): constant('DASH')
#1 C:\xampp\htdocs\Recuerdos\views\main\index.php(25): require('C:\\xampp\\htdocs...')
#2 C:\xampp\htdocs\Recuerdos\libs\view.php(11): require('C:\\xampp\\htdocs...')
#3 C:\xampp\htdocs\Recuerdos\controllers\main.php(12): View->render('main/index')
#4 C:\xampp\htdocs\Recuerdos\libs\app.php(17): Main->render()
#5 C:\xampp\htdocs\Recuerdos\index.php(20): App->__construct()
#6 {main}
  thrown in C:\xampp\htdocs\Recuerdos\views\header.php on line 24
[13-Jan-2022 17:30:41 Europe/Berlin] PHP Fatal error:  Uncaught Error: Undefined constant "DASH" in C:\xampp\htdocs\Recuerdos\views\header.php:24
Stack trace:
#0 C:\xampp\htdocs\Recuerdos\views\header.php(24): constant('DASH')
#1 C:\xampp\htdocs\Recuerdos\views\main\index.php(25): require('C:\\xampp\\htdocs...')
#2 C:\xampp\htdocs\Recuerdos\libs\view.php(11): require('C:\\xampp\\htdocs...')
#3 C:\xampp\htdocs\Recuerdos\controllers\main.php(12): View->render('main/index')
#4 C:\xampp\htdocs\Recuerdos\libs\app.php(17): Main->render()
#5 C:\xampp\htdocs\Recuerdos\index.php(20): App->__construct()
#6 {main}
  thrown in C:\xampp\htdocs\Recuerdos\views\header.php on line 24
[13-Jan-2022 17:30:42 Europe/Berlin] PHP Fatal error:  Uncaught Error: Undefined constant "DASH" in C:\xampp\htdocs\Recuerdos\views\header.php:24
Stack trace:
#0 C:\xampp\htdocs\Recuerdos\views\header.php(24): constant('DASH')
#1 C:\xampp\htdocs\Recuerdos\views\main\index.php(25): require('C:\\xampp\\htdocs...')
#2 C:\xampp\htdocs\Recuerdos\libs\view.php(11): require('C:\\xampp\\htdocs...')
#3 C:\xampp\htdocs\Recuerdos\controllers\main.php(12): View->render('main/index')
#4 C:\xampp\htdocs\Recuerdos\libs\app.php(17): Main->render()
#5 C:\xampp\htdocs\Recuerdos\index.php(20): App->__construct()
#6 {main}
  thrown in C:\xampp\htdocs\Recuerdos\views\header.php on line 24
[13-Jan-2022 17:30:42 Europe/Berlin] PHP Fatal error:  Uncaught Error: Undefined constant "DASH" in C:\xampp\htdocs\Recuerdos\views\header.php:24
Stack trace:
#0 C:\xampp\htdocs\Recuerdos\views\header.php(24): constant('DASH')
#1 C:\xampp\htdocs\Recuerdos\views\main\index.php(25): require('C:\\xampp\\htdocs...')
#2 C:\xampp\htdocs\Recuerdos\libs\view.php(11): require('C:\\xampp\\htdocs...')
#3 C:\xampp\htdocs\Recuerdos\controllers\main.php(12): View->render('main/index')
#4 C:\xampp\htdocs\Recuerdos\libs\app.php(17): Main->render()
#5 C:\xampp\htdocs\Recuerdos\index.php(20): App->__construct()
#6 {main}
  thrown in C:\xampp\htdocs\Recuerdos\views\header.php on line 24
[13-Jan-2022 17:30:42 Europe/Berlin] PHP Fatal error:  Uncaught Error: Undefined constant "DASH" in C:\xampp\htdocs\Recuerdos\views\header.php:24
Stack trace:
#0 C:\xampp\htdocs\Recuerdos\views\header.php(24): constant('DASH')
#1 C:\xampp\htdocs\Recuerdos\views\main\index.php(25): require('C:\\xampp\\htdocs...')
#2 C:\xampp\htdocs\Recuerdos\libs\view.php(11): require('C:\\xampp\\htdocs...')
#3 C:\xampp\htdocs\Recuerdos\controllers\main.php(12): View->render('main/index')
#4 C:\xampp\htdocs\Recuerdos\libs\app.php(17): Main->render()
#5 C:\xampp\htdocs\Recuerdos\index.php(20): App->__construct()
#6 {main}
  thrown in C:\xampp\htdocs\Recuerdos\views\header.php on line 24
[13-Jan-2022 17:30:42 Europe/Berlin] PHP Fatal error:  Uncaught Error: Undefined constant "DASH" in C:\xampp\htdocs\Recuerdos\views\header.php:24
Stack trace:
#0 C:\xampp\htdocs\Recuerdos\views\header.php(24): constant('DASH')
#1 C:\xampp\htdocs\Recuerdos\views\main\index.php(25): require('C:\\xampp\\htdocs...')
#2 C:\xampp\htdocs\Recuerdos\libs\view.php(11): require('C:\\xampp\\htdocs...')
#3 C:\xampp\htdocs\Recuerdos\controllers\main.php(12): View->render('main/index')
#4 C:\xampp\htdocs\Recuerdos\libs\app.php(17): Main->render()
#5 C:\xampp\htdocs\Recuerdos\index.php(20): App->__construct()
#6 {main}
  thrown in C:\xampp\htdocs\Recuerdos\views\header.php on line 24
[13-Jan-2022 17:30:42 Europe/Berlin] PHP Fatal error:  Uncaught Error: Undefined constant "DASH" in C:\xampp\htdocs\Recuerdos\views\header.php:24
Stack trace:
#0 C:\xampp\htdocs\Recuerdos\views\header.php(24): constant('DASH')
#1 C:\xampp\htdocs\Recuerdos\views\main\index.php(25): require('C:\\xampp\\htdocs...')
#2 C:\xampp\htdocs\Recuerdos\libs\view.php(11): require('C:\\xampp\\htdocs...')
#3 C:\xampp\htdocs\Recuerdos\controllers\main.php(12): View->render('main/index')
#4 C:\xampp\htdocs\Recuerdos\libs\app.php(17): Main->render()
#5 C:\xampp\htdocs\Recuerdos\index.php(20): App->__construct()
#6 {main}
  thrown in C:\xampp\htdocs\Recuerdos\views\header.php on line 24
[13-Jan-2022 17:30:43 Europe/Berlin] PHP Fatal error:  Uncaught Error: Undefined constant "DASH" in C:\xampp\htdocs\Recuerdos\views\header.php:24
Stack trace:
#0 C:\xampp\htdocs\Recuerdos\views\header.php(24): constant('DASH')
#1 C:\xampp\htdocs\Recuerdos\views\main\index.php(25): require('C:\\xampp\\htdocs...')
#2 C:\xampp\htdocs\Recuerdos\libs\view.php(11): require('C:\\xampp\\htdocs...')
#3 C:\xampp\htdocs\Recuerdos\controllers\main.php(12): View->render('main/index')
#4 C:\xampp\htdocs\Recuerdos\libs\app.php(17): Main->render()
#5 C:\xampp\htdocs\Recuerdos\index.php(20): App->__construct()
#6 {main}
  thrown in C:\xampp\htdocs\Recuerdos\views\header.php on line 24
[13-Jan-2022 17:30:44 Europe/Berlin] PHP Fatal error:  Uncaught Error: Undefined constant "DASH" in C:\xampp\htdocs\Recuerdos\views\header.php:24
Stack trace:
#0 C:\xampp\htdocs\Recuerdos\views\header.php(24): constant('DASH')
#1 C:\xampp\htdocs\Recuerdos\views\main\index.php(25): require('C:\\xampp\\htdocs...')
#2 C:\xampp\htdocs\Recuerdos\libs\view.php(11): require('C:\\xampp\\htdocs...')
#3 C:\xampp\htdocs\Recuerdos\controllers\main.php(12): View->render('main/index')
#4 C:\xampp\htdocs\Recuerdos\libs\app.php(17): Main->render()
#5 C:\xampp\htdocs\Recuerdos\index.php(20): App->__construct()
#6 {main}
  thrown in C:\xampp\htdocs\Recuerdos\views\header.php on line 24
[13-Jan-2022 17:30:46 Europe/Berlin] PHP Fatal error:  Uncaught Error: Undefined constant "DASH" in C:\xampp\htdocs\Recuerdos\views\header.php:24
Stack trace:
#0 C:\xampp\htdocs\Recuerdos\views\header.php(24): constant('DASH')
#1 C:\xampp\htdocs\Recuerdos\views\main\index.php(25): require('C:\\xampp\\htdocs...')
#2 C:\xampp\htdocs\Recuerdos\libs\view.php(11): require('C:\\xampp\\htdocs...')
#3 C:\xampp\htdocs\Recuerdos\controllers\main.php(12): View->render('main/index')
#4 C:\xampp\htdocs\Recuerdos\libs\app.php(17): Main->render()
#5 C:\xampp\htdocs\Recuerdos\index.php(20): App->__construct()
#6 {main}
  thrown in C:\xampp\htdocs\Recuerdos\views\header.php on line 24
[13-Jan-2022 17:30:47 Europe/Berlin] PHP Fatal error:  Uncaught Error: Undefined constant "DASH" in C:\xampp\htdocs\Recuerdos\views\header.php:24
Stack trace:
#0 C:\xampp\htdocs\Recuerdos\views\header.php(24): constant('DASH')
#1 C:\xampp\htdocs\Recuerdos\views\main\index.php(25): require('C:\\xampp\\htdocs...')
#2 C:\xampp\htdocs\Recuerdos\libs\view.php(11): require('C:\\xampp\\htdocs...')
#3 C:\xampp\htdocs\Recuerdos\controllers\main.php(12): View->render('main/index')
#4 C:\xampp\htdocs\Recuerdos\libs\app.php(17): Main->render()
#5 C:\xampp\htdocs\Recuerdos\index.php(20): App->__construct()
#6 {main}
  thrown in C:\xampp\htdocs\Recuerdos\views\header.php on line 24
[13-Jan-2022 17:30:50 Europe/Berlin] PHP Fatal error:  Uncaught Error: Undefined constant "DASH" in C:\xampp\htdocs\Recuerdos\views\header.php:24
Stack trace:
#0 C:\xampp\htdocs\Recuerdos\views\header.php(24): constant('DASH')
#1 C:\xampp\htdocs\Recuerdos\views\main\index.php(25): require('C:\\xampp\\htdocs...')
#2 C:\xampp\htdocs\Recuerdos\libs\view.php(11): require('C:\\xampp\\htdocs...')
#3 C:\xampp\htdocs\Recuerdos\controllers\main.php(12): View->render('main/index')
#4 C:\xampp\htdocs\Recuerdos\libs\app.php(17): Main->render()
#5 C:\xampp\htdocs\Recuerdos\index.php(20): App->__construct()
#6 {main}
  thrown in C:\xampp\htdocs\Recuerdos\views\header.php on line 24
[13-Jan-2022 17:30:51 Europe/Berlin] PHP Fatal error:  Uncaught Error: Undefined constant "DASH" in C:\xampp\htdocs\Recuerdos\views\header.php:24
Stack trace:
#0 C:\xampp\htdocs\Recuerdos\views\header.php(24): constant('DASH')
#1 C:\xampp\htdocs\Recuerdos\views\main\index.php(25): require('C:\\xampp\\htdocs...')
#2 C:\xampp\htdocs\Recuerdos\libs\view.php(11): require('C:\\xampp\\htdocs...')
#3 C:\xampp\htdocs\Recuerdos\controllers\main.php(12): View->render('main/index')
#4 C:\xampp\htdocs\Recuerdos\libs\app.php(17): Main->render()
#5 C:\xampp\htdocs\Recuerdos\index.php(20): App->__construct()
#6 {main}
  thrown in C:\xampp\htdocs\Recuerdos\views\header.php on line 24
[13-Jan-2022 17:30:58 Europe/Berlin] PHP Fatal error:  Uncaught Error: Undefined constant "DASH" in C:\xampp\htdocs\Recuerdos\views\header.php:24
Stack trace:
#0 C:\xampp\htdocs\Recuerdos\views\header.php(24): constant('DASH')
#1 C:\xampp\htdocs\Recuerdos\views\main\index.php(25): require('C:\\xampp\\htdocs...')
#2 C:\xampp\htdocs\Recuerdos\libs\view.php(11): require('C:\\xampp\\htdocs...')
#3 C:\xampp\htdocs\Recuerdos\controllers\main.php(12): View->render('main/index')
#4 C:\xampp\htdocs\Recuerdos\libs\app.php(17): Main->render()
#5 C:\xampp\htdocs\Recuerdos\index.php(20): App->__construct()
#6 {main}
  thrown in C:\xampp\htdocs\Recuerdos\views\header.php on line 24
[13-Jan-2022 17:30:59 Europe/Berlin] PHP Fatal error:  Uncaught Error: Undefined constant "DASH" in C:\xampp\htdocs\Recuerdos\views\header.php:24
Stack trace:
#0 C:\xampp\htdocs\Recuerdos\views\header.php(24): constant('DASH')
#1 C:\xampp\htdocs\Recuerdos\views\main\index.php(25): require('C:\\xampp\\htdocs...')
#2 C:\xampp\htdocs\Recuerdos\libs\view.php(11): require('C:\\xampp\\htdocs...')
#3 C:\xampp\htdocs\Recuerdos\controllers\main.php(12): View->render('main/index')
#4 C:\xampp\htdocs\Recuerdos\libs\app.php(17): Main->render()
#5 C:\xampp\htdocs\Recuerdos\index.php(20): App->__construct()
#6 {main}
  thrown in C:\xampp\htdocs\Recuerdos\views\header.php on line 24
[13-Jan-2022 17:31:16 Europe/Berlin] PHP Fatal error:  Uncaught Error: Undefined constant "DASH" in C:\xampp\htdocs\Recuerdos\views\header.php:24
Stack trace:
#0 C:\xampp\htdocs\Recuerdos\views\header.php(24): constant('DASH')
#1 C:\xampp\htdocs\Recuerdos\views\main\index.php(25): require('C:\\xampp\\htdocs...')
#2 C:\xampp\htdocs\Recuerdos\libs\view.php(11): require('C:\\xampp\\htdocs...')
#3 C:\xampp\htdocs\Recuerdos\controllers\main.php(12): View->render('main/index')
#4 C:\xampp\htdocs\Recuerdos\libs\app.php(17): Main->render()
#5 C:\xampp\htdocs\Recuerdos\index.php(20): App->__construct()
#6 {main}
  thrown in C:\xampp\htdocs\Recuerdos\views\header.php on line 24
[13-Jan-2022 17:31:17 Europe/Berlin] PHP Fatal error:  Uncaught Error: Undefined constant "DASH" in C:\xampp\htdocs\Recuerdos\views\header.php:24
Stack trace:
#0 C:\xampp\htdocs\Recuerdos\views\header.php(24): constant('DASH')
#1 C:\xampp\htdocs\Recuerdos\views\main\index.php(25): require('C:\\xampp\\htdocs...')
#2 C:\xampp\htdocs\Recuerdos\libs\view.php(11): require('C:\\xampp\\htdocs...')
#3 C:\xampp\htdocs\Recuerdos\controllers\main.php(12): View->render('main/index')
#4 C:\xampp\htdocs\Recuerdos\libs\app.php(17): Main->render()
#5 C:\xampp\htdocs\Recuerdos\index.php(20): App->__construct()
#6 {main}
  thrown in C:\xampp\htdocs\Recuerdos\views\header.php on line 24
[13-Jan-2022 17:31:28 Europe/Berlin] PHP Fatal error:  Uncaught Error: Undefined constant "DASH" in C:\xampp\htdocs\Recuerdos\views\header.php:24
Stack trace:
#0 C:\xampp\htdocs\Recuerdos\views\header.php(24): constant('DASH')
#1 C:\xampp\htdocs\Recuerdos\views\main\index.php(25): require('C:\\xampp\\htdocs...')
#2 C:\xampp\htdocs\Recuerdos\libs\view.php(11): require('C:\\xampp\\htdocs...')
#3 C:\xampp\htdocs\Recuerdos\controllers\main.php(12): View->render('main/index')
#4 C:\xampp\htdocs\Recuerdos\libs\app.php(17): Main->render()
#5 C:\xampp\htdocs\Recuerdos\index.php(20): App->__construct()
#6 {main}
  thrown in C:\xampp\htdocs\Recuerdos\views\header.php on line 24
[13-Jan-2022 17:31:29 Europe/Berlin] PHP Fatal error:  Uncaught Error: Undefined constant "DASH" in C:\xampp\htdocs\Recuerdos\views\header.php:24
Stack trace:
#0 C:\xampp\htdocs\Recuerdos\views\header.php(24): constant('DASH')
#1 C:\xampp\htdocs\Recuerdos\views\main\index.php(25): require('C:\\xampp\\htdocs...')
#2 C:\xampp\htdocs\Recuerdos\libs\view.php(11): require('C:\\xampp\\htdocs...')
#3 C:\xampp\htdocs\Recuerdos\controllers\main.php(12): View->render('main/index')
#4 C:\xampp\htdocs\Recuerdos\libs\app.php(17): Main->render()
#5 C:\xampp\htdocs\Recuerdos\index.php(20): App->__construct()
#6 {main}
  thrown in C:\xampp\htdocs\Recuerdos\views\header.php on line 24
[13-Jan-2022 17:31:29 Europe/Berlin] PHP Fatal error:  Uncaught Error: Undefined constant "DASH" in C:\xampp\htdocs\Recuerdos\views\header.php:24
Stack trace:
#0 C:\xampp\htdocs\Recuerdos\views\header.php(24): constant('DASH')
#1 C:\xampp\htdocs\Recuerdos\views\main\index.php(25): require('C:\\xampp\\htdocs...')
#2 C:\xampp\htdocs\Recuerdos\libs\view.php(11): require('C:\\xampp\\htdocs...')
#3 C:\xampp\htdocs\Recuerdos\controllers\main.php(12): View->render('main/index')
#4 C:\xampp\htdocs\Recuerdos\libs\app.php(17): Main->render()
#5 C:\xampp\htdocs\Recuerdos\index.php(20): App->__construct()
#6 {main}
  thrown in C:\xampp\htdocs\Recuerdos\views\header.php on line 24
[13-Jan-2022 17:31:29 Europe/Berlin] PHP Fatal error:  Uncaught Error: Undefined constant "DASH" in C:\xampp\htdocs\Recuerdos\views\header.php:24
Stack trace:
#0 C:\xampp\htdocs\Recuerdos\views\header.php(24): constant('DASH')
#1 C:\xampp\htdocs\Recuerdos\views\main\index.php(25): require('C:\\xampp\\htdocs...')
#2 C:\xampp\htdocs\Recuerdos\libs\view.php(11): require('C:\\xampp\\htdocs...')
#3 C:\xampp\htdocs\Recuerdos\controllers\main.php(12): View->render('main/index')
#4 C:\xampp\htdocs\Recuerdos\libs\app.php(17): Main->render()
#5 C:\xampp\htdocs\Recuerdos\index.php(20): App->__construct()
#6 {main}
  thrown in C:\xampp\htdocs\Recuerdos\views\header.php on line 24
[13-Jan-2022 17:31:46 Europe/Berlin] PHP Fatal error:  Uncaught Error: Undefined constant "DASH" in C:\xampp\htdocs\Recuerdos\views\header.php:24
Stack trace:
#0 C:\xampp\htdocs\Recuerdos\views\header.php(24): constant('DASH')
#1 C:\xampp\htdocs\Recuerdos\views\main\index.php(25): require('C:\\xampp\\htdocs...')
#2 C:\xampp\htdocs\Recuerdos\libs\view.php(11): require('C:\\xampp\\htdocs...')
#3 C:\xampp\htdocs\Recuerdos\controllers\main.php(12): View->render('main/index')
#4 C:\xampp\htdocs\Recuerdos\libs\app.php(17): Main->render()
#5 C:\xampp\htdocs\Recuerdos\index.php(20): App->__construct()
#6 {main}
  thrown in C:\xampp\htdocs\Recuerdos\views\header.php on line 24
[13-Jan-2022 17:31:47 Europe/Berlin] PHP Fatal error:  Uncaught Error: Undefined constant "DASH" in C:\xampp\htdocs\Recuerdos\views\header.php:24
Stack trace:
#0 C:\xampp\htdocs\Recuerdos\views\header.php(24): constant('DASH')
#1 C:\xampp\htdocs\Recuerdos\views\main\index.php(25): require('C:\\xampp\\htdocs...')
#2 C:\xampp\htdocs\Recuerdos\libs\view.php(11): require('C:\\xampp\\htdocs...')
#3 C:\xampp\htdocs\Recuerdos\controllers\main.php(12): View->render('main/index')
#4 C:\xampp\htdocs\Recuerdos\libs\app.php(17): Main->render()
#5 C:\xampp\htdocs\Recuerdos\index.php(20): App->__construct()
#6 {main}
  thrown in C:\xampp\htdocs\Recuerdos\views\header.php on line 24
[13-Jan-2022 17:31:47 Europe/Berlin] PHP Fatal error:  Uncaught Error: Undefined constant "DASH" in C:\xampp\htdocs\Recuerdos\views\header.php:24
Stack trace:
#0 C:\xampp\htdocs\Recuerdos\views\header.php(24): constant('DASH')
#1 C:\xampp\htdocs\Recuerdos\views\main\index.php(25): require('C:\\xampp\\htdocs...')
#2 C:\xampp\htdocs\Recuerdos\libs\view.php(11): require('C:\\xampp\\htdocs...')
#3 C:\xampp\htdocs\Recuerdos\controllers\main.php(12): View->render('main/index')
#4 C:\xampp\htdocs\Recuerdos\libs\app.php(17): Main->render()
#5 C:\xampp\htdocs\Recuerdos\index.php(20): App->__construct()
#6 {main}
  thrown in C:\xampp\htdocs\Recuerdos\views\header.php on line 24
[13-Jan-2022 17:31:48 Europe/Berlin] PHP Fatal error:  Uncaught Error: Undefined constant "DASH" in C:\xampp\htdocs\Recuerdos\views\header.php:24
Stack trace:
#0 C:\xampp\htdocs\Recuerdos\views\header.php(24): constant('DASH')
#1 C:\xampp\htdocs\Recuerdos\views\main\index.php(25): require('C:\\xampp\\htdocs...')
#2 C:\xampp\htdocs\Recuerdos\libs\view.php(11): require('C:\\xampp\\htdocs...')
#3 C:\xampp\htdocs\Recuerdos\controllers\main.php(12): View->render('main/index')
#4 C:\xampp\htdocs\Recuerdos\libs\app.php(17): Main->render()
#5 C:\xampp\htdocs\Recuerdos\index.php(20): App->__construct()
#6 {main}
  thrown in C:\xampp\htdocs\Recuerdos\views\header.php on line 24
[13-Jan-2022 17:31:48 Europe/Berlin] PHP Fatal error:  Uncaught Error: Undefined constant "DASH" in C:\xampp\htdocs\Recuerdos\views\header.php:24
Stack trace:
#0 C:\xampp\htdocs\Recuerdos\views\header.php(24): constant('DASH')
#1 C:\xampp\htdocs\Recuerdos\views\main\index.php(25): require('C:\\xampp\\htdocs...')
#2 C:\xampp\htdocs\Recuerdos\libs\view.php(11): require('C:\\xampp\\htdocs...')
#3 C:\xampp\htdocs\Recuerdos\controllers\main.php(12): View->render('main/index')
#4 C:\xampp\htdocs\Recuerdos\libs\app.php(17): Main->render()
#5 C:\xampp\htdocs\Recuerdos\index.php(20): App->__construct()
#6 {main}
  thrown in C:\xampp\htdocs\Recuerdos\views\header.php on line 24
[13-Jan-2022 18:11:48 Europe/Berlin] PHP Fatal error:  Uncaught Error: Call to undefined function consntant() in C:\xampp\htdocs\Recuerdos\views\header.php:22
Stack trace:
#0 C:\xampp\htdocs\Recuerdos\views\main\index.php(25): require()
#1 C:\xampp\htdocs\Recuerdos\libs\view.php(11): require('C:\\xampp\\htdocs...')
#2 C:\xampp\htdocs\Recuerdos\controllers\main.php(12): View->render('main/index')
#3 C:\xampp\htdocs\Recuerdos\libs\app.php(17): Main->render()
#4 C:\xampp\htdocs\Recuerdos\index.php(20): App->__construct()
#5 {main}
  thrown in C:\xampp\htdocs\Recuerdos\views\header.php on line 22
[13-Jan-2022 18:11:48 Europe/Berlin] PHP Fatal error:  Uncaught Error: Call to undefined function consntant() in C:\xampp\htdocs\Recuerdos\views\header.php:22
Stack trace:
#0 C:\xampp\htdocs\Recuerdos\views\main\index.php(25): require()
#1 C:\xampp\htdocs\Recuerdos\libs\view.php(11): require('C:\\xampp\\htdocs...')
#2 C:\xampp\htdocs\Recuerdos\controllers\main.php(12): View->render('main/index')
#3 C:\xampp\htdocs\Recuerdos\libs\app.php(17): Main->render()
#4 C:\xampp\htdocs\Recuerdos\index.php(20): App->__construct()
#5 {main}
  thrown in C:\xampp\htdocs\Recuerdos\views\header.php on line 22
[13-Jan-2022 18:12:03 Europe/Berlin] PHP Fatal error:  Uncaught Error: Call to undefined function consntant() in C:\xampp\htdocs\Recuerdos\views\header.php:22
Stack trace:
#0 C:\xampp\htdocs\Recuerdos\views\main\index.php(25): require()
#1 C:\xampp\htdocs\Recuerdos\libs\view.php(11): require('C:\\xampp\\htdocs...')
#2 C:\xampp\htdocs\Recuerdos\controllers\main.php(12): View->render('main/index')
#3 C:\xampp\htdocs\Recuerdos\libs\app.php(17): Main->render()
#4 C:\xampp\htdocs\Recuerdos\index.php(20): App->__construct()
#5 {main}
  thrown in C:\xampp\htdocs\Recuerdos\views\header.php on line 22
[13-Jan-2022 18:12:04 Europe/Berlin] PHP Fatal error:  Uncaught Error: Call to undefined function consntant() in C:\xampp\htdocs\Recuerdos\views\header.php:22
Stack trace:
#0 C:\xampp\htdocs\Recuerdos\views\main\index.php(25): require()
#1 C:\xampp\htdocs\Recuerdos\libs\view.php(11): require('C:\\xampp\\htdocs...')
#2 C:\xampp\htdocs\Recuerdos\controllers\main.php(12): View->render('main/index')
#3 C:\xampp\htdocs\Recuerdos\libs\app.php(17): Main->render()
#4 C:\xampp\htdocs\Recuerdos\index.php(20): App->__construct()
#5 {main}
  thrown in C:\xampp\htdocs\Recuerdos\views\header.php on line 22
[13-Jan-2022 18:12:08 Europe/Berlin] PHP Fatal error:  Uncaught Error: Call to undefined function consntant() in C:\xampp\htdocs\Recuerdos\views\header.php:22
Stack trace:
#0 C:\xampp\htdocs\Recuerdos\views\main\index.php(25): require()
#1 C:\xampp\htdocs\Recuerdos\libs\view.php(11): require('C:\\xampp\\htdocs...')
#2 C:\xampp\htdocs\Recuerdos\controllers\main.php(12): View->render('main/index')
#3 C:\xampp\htdocs\Recuerdos\libs\app.php(17): Main->render()
#4 C:\xampp\htdocs\Recuerdos\index.php(20): App->__construct()
#5 {main}
  thrown in C:\xampp\htdocs\Recuerdos\views\header.php on line 22
[13-Jan-2022 18:12:23 Europe/Berlin] Error::construct-> Inicio de errores
[13-Jan-2022 18:12:24 Europe/Berlin] Error::construct-> Inicio de errores
[13-Jan-2022 18:12:24 Europe/Berlin] Error::construct-> Inicio de errores
[13-Jan-2022 18:12:26 Europe/Berlin] Error::construct-> Inicio de errores
[13-Jan-2022 18:12:28 Europe/Berlin] Error::construct-> Inicio de errores
[13-Jan-2022 18:13:14 Europe/Berlin] Error::construct-> Inicio de errores
[13-Jan-2022 18:13:14 Europe/Berlin] Error::construct-> Inicio de errores
[13-Jan-2022 18:13:15 Europe/Berlin] Error::construct-> Inicio de errores
